[0m[[0m[0mdebug[0m] [0m[0m> Exec(test, Some(25338714-5505-4734-81c4-c62c0c263bc0), Some(CommandSource(console0)))[0m
[0m[[0m[0mdebug[0m] [0m[0mEvaluating tasks: Test / test[0m
[0m[[0m[0mdebug[0m] [0m[0mRunning task... Cancel: Signal, check cycles: false, forcegc: true[0m
[0m[[0m[0minfo[0m] [0m[0mcompiling 1 Scala source to /Users/anjim1/Desktop/CS320/cs320-group16/target/scala-3.1.3/classes ...[0m
[0m[[0m[0minfo[0m] [0m[0m[34mTest run started[0m[0m
[0m[[0m[0minfo[0m] [0m[0mTest amyc.[33mLexerTests[0m.[36mtestCommentClosedTwice[0m started[0m
[0m[[0m[0minfo[0m] [0m[0mTest amyc.[33mLexerTests[0m.[36mtestUnclosedComment[0m started[0m
[0m[[0m[0minfo[0m] [0m[0mTest amyc.[33mLexerTests[0m.[36mtestOperators[0m started[0m
[0m[[0m[0minfo[0m] [0m[0mTest amyc.[33mLexerTests[0m.[36mtestCombinations[0m started[0m
[0m[[0m[0minfo[0m] [0m[0mTest amyc.[33mLexerTests[0m.[36mtestTwoFiles[0m started[0m
[0m[[0m[0minfo[0m] [0m[0mTest amyc.[33mLexerTests[0m.[36mtestStringLiterals[0m started[0m
[0m[[0m[0minfo[0m] [0m[0mTest amyc.[33mLexerTests[0m.[36mtestTooBigInt[0m started[0m
[0m[[0m[0minfo[0m] [0m[0mTest amyc.[33mLexerTests[0m.[36mtestSingleAmp[0m started[0m
[0m[[0m[0minfo[0m] [0m[0mTest amyc.[33mLexerTests[0m.[36mtestSingleBar[0m started[0m
[0m[[0m[0minfo[0m] [0m[0mTest amyc.[33mLexerTests[0m.[36mtestUnclosedComment2[0m started[0m
[0m[[0m[0minfo[0m] [0m[0mTest amyc.[33mLexerTests[0m.[36mtestUnclosedComment3[0m started[0m
[0m[[0m[0minfo[0m] [0m[0mTest amyc.[33mLexerTests[0m.[36mtestUnclosedString1[0m started[0m
[0m[[0m[0minfo[0m] [0m[0mTest amyc.[33mLexerTests[0m.[36mtestUnclosedString2[0m started[0m
[0m[[0m[0minfo[0m] [0m[0mTest amyc.[33mLexerTests[0m.[36mtestWhitespace[0m started[0m
[0m[[0m[0minfo[0m] [0m[0mTest amyc.[33mLexerTests[0m.[36mtestDelimiters[0m started[0m
[0m[[0m[0minfo[0m] [0m[0mTest amyc.[33mLexerTests[0m.[36mtestComments[0m started[0m
[0m[[0m[0minfo[0m] [0m[0mTest amyc.[33mLexerTests[0m.[36mtestIdentifiers[0m started[0m
[0m[[0m[0minfo[0m] [0m[0mTest amyc.[33mLexerTests[0m.[36mtestKeywords[0m started[0m
[0m[[0m[0minfo[0m] [0m[0mTest amyc.[33mLexerTests[0m.[36mtestInvalid[0m started[0m
[0m[[0m[0minfo[0m] [0m[0mTest amyc.[33mLexerTests[0m.[36mtestIntLiterals[0m started[0m
[0m[[0m[0minfo[0m] [0m[0m[34mTest run finished: [0m[34m0 failed[0m[34m, [0m[34m0 ignored[0m[34m, 20 total, 0.494s[0m[0m
[0m[[0m[0minfo[0m] [0m[0mPassed: Total 20, Failed 0, Errors 0, Passed 20[0m
[0m[[0m[32msuccess[0m] [0m[0mTotal time: 1 s, completed 19 Oct 2022, 09:56:13[0m
[0m[[0m[0mdebug[0m] [0m[0m> Exec(shell, None, None)[0m
[0m[[0m[0minfo[0m] [0m[0mshutting down sbt server[0m
