[0m[[0m[0mdebug[0m] [0m[0m> Exec(test, Some(c1eab5de-36f2-44d0-8e0b-e319aadd315d), Some(CommandSource(console0)))[0m
[0m[[0m[0mdebug[0m] [0m[0mEvaluating tasks: Test / test[0m
[0m[[0m[0mdebug[0m] [0m[0mRunning task... Cancel: Signal, check cycles: false, forcegc: true[0m
[0m[[0m[0minfo[0m] [0m[0mcompiling 1 Scala source to /Users/anjim1/Desktop/CS320/cs320-group16/target/scala-3.1.3/classes ...[0m
[0m[[0m[0minfo[0m] [0m[0m[34mTest run started[0m[0m
[0m[[0m[0minfo[0m] [0m[0mTest amyc.[33mLexerTests[0m.[36mtestCommentClosedTwice[0m started[0m
[0m[[0m[0minfo[0m] [0m[0mTest amyc.[33mLexerTests[0m.[36mtestUnclosedComment[0m started[0m
[0m[[0m[0minfo[0m] [0m[0mTest amyc.[33mLexerTests[0m.[36mtestOperators[0m started[0m
[0m[[0m[0minfo[0m] [0m[0mTest amyc.[33mLexerTests[0m.[36mtestCombinations[0m started[0m
[0m[[0m[0minfo[0m] [0m[0mTest amyc.[33mLexerTests[0m.[36mtestTwoFiles[0m started[0m
[0m[[0m[0minfo[0m] [0m[0mTest amyc.[33mLexerTests[0m.[36mtestStringLiterals[0m started[0m
[0m[[0m[0minfo[0m] [0m[0mTest amyc.[33mLexerTests[0m.[36mtestTooBigInt[0m started[0m
[0m[[0m[0minfo[0m] [0m[0mTest amyc.[33mLexerTests[0m.[36mtestSingleAmp[0m started[0m
[0m[[0m[0minfo[0m] [0m[0mTest amyc.[33mLexerTests[0m.[36mtestSingleBar[0m started[0m
[0m[[0m[0minfo[0m] [0m[0mTest amyc.[33mLexerTests[0m.[36mtestUnclosedComment2[0m started[0m
[0m[[0m[0minfo[0m] [0m[0mTest amyc.[33mLexerTests[0m.[36mtestUnclosedComment3[0m started[0m
[0m[[0m[0minfo[0m] [0m[0mTest amyc.[33mLexerTests[0m.[36mtestUnclosedString1[0m started[0m
[0m[[0m[0minfo[0m] [0m[0mTest amyc.[33mLexerTests[0m.[36mtestUnclosedString2[0m started[0m
[0m[[0m[0minfo[0m] [0m[0mTest amyc.[33mLexerTests[0m.[36mtestWhitespace[0m started[0m
[0m[[0m[0minfo[0m] [0m[0mTest amyc.[33mLexerTests[0m.[36mtestDelimiters[0m started[0m
[0m[[0m[0minfo[0m] [0m[0mTest amyc.[33mLexerTests[0m.[36mtestComments[0m started[0m
[0m[[0m[31merror[0m] [0m[0mTest amyc.[33mLexerTests[0m.[31mtestComments[0m failed: [0m
[0m[[0m[31merror[0m] [0m[0mOutput is different:[0m
[0m[[0m[31merror[0m] [0m[0m[0m
[0m[[0m[31merror[0m] [0m[0mOutput: [0m
[0m[[0m[31merror[0m] [0m[0mIntLitToken(1)(1:1)[0m
[0m[[0m[31merror[0m] [0m[0mIntLitToken(2)(3:1)[0m
[0m[[0m[31merror[0m] [0m[0mIntLitToken(3)(4:1)[0m
[0m[[0m[31merror[0m] [0m[0mIntLitToken(4)(5:1)[0m
[0m[[0m[31merror[0m] [0m[0mIntLitToken(5)(10:1)[0m
[0m[[0m[31merror[0m] [0m[0mIntLitToken(7)(12:1)[0m
[0m[[0m[31merror[0m] [0m[0mEOFToken()(14:1)[0m
[0m[[0m[31merror[0m] [0m[0m[0m
[0m[[0m[31merror[0m] [0m[0mExpected output: [0m
[0m[[0m[31merror[0m] [0m[0mIntLitToken(1)(1:1)[0m
[0m[[0m[31merror[0m] [0m[0mIntLitToken(2)(3:1)[0m
[0m[[0m[31merror[0m] [0m[0mIntLitToken(3)(4:1)[0m
[0m[[0m[31merror[0m] [0m[0mIntLitToken(4)(5:1)[0m
[0m[[0m[31merror[0m] [0m[0mIntLitToken(5)(10:1)[0m
[0m[[0m[31merror[0m] [0m[0mIntLitToken(6)(11:12)[0m
[0m[[0m[31merror[0m] [0m[0mIntLitToken(7)(12:1)[0m
[0m[[0m[31merror[0m] [0m[0mEOFToken()(14:1)[0m
[0m[[0m[31merror[0m] [0m[0m, took 0.009 sec[0m
[0m[[0m[0minfo[0m] [0m[0mTest amyc.[33mLexerTests[0m.[36mtestIdentifiers[0m started[0m
[0m[[0m[0minfo[0m] [0m[0mTest amyc.[33mLexerTests[0m.[36mtestKeywords[0m started[0m
[0m[[0m[0minfo[0m] [0m[0mTest amyc.[33mLexerTests[0m.[36mtestInvalid[0m started[0m
[0m[[0m[0minfo[0m] [0m[0mTest amyc.[33mLexerTests[0m.[36mtestIntLiterals[0m started[0m
[0m[[0m[0minfo[0m] [0m[0m[34mTest run finished: [0m[31m1 failed[0m[34m, [0m[34m0 ignored[0m[34m, 20 total, 0.593s[0m[0m
[0m[[0m[31merror[0m] [0m[0mFailed: Total 20, Failed 1, Errors 0, Passed 19[0m
[0m[[0m[31merror[0m] [0m[0mFailed tests:[0m
[0m[[0m[31merror[0m] [0m[0m	amyc.LexerTests[0m
[0m[[0m[31merror[0m] [0m[0m(Test / [31mtest[0m) sbt.TestsFailedException: Tests unsuccessful[0m
[0m[[0m[31merror[0m] [0m[0mTotal time: 7 s, completed 14 Oct 2022, 14:20:07[0m
[0m[[0m[0mdebug[0m] [0m[0m> Exec(shell, None, None)[0m
[0m[[0m[0mdebug[0m] [0m[0mForcing garbage collection...[0m
[0m[[0m[0minfo[0m] [0m[0mshutting down sbt server[0m
