[0m[[0m[0mdebug[0m] [0m[0m> Exec(test, Some(14cedb60-d96e-497b-b021-c5ef88ad1feb), Some(CommandSource(console0)))[0m
[0m[[0m[0mdebug[0m] [0m[0mEvaluating tasks: Test / test[0m
[0m[[0m[0mdebug[0m] [0m[0mRunning task... Cancel: Signal, check cycles: false, forcegc: true[0m
[0m[[0m[0minfo[0m] [0m[0mcompiling 1 Scala source to /Users/anjim1/Desktop/CS320/cs320-group16/target/scala-3.1.3/classes ...[0m
[0m[[0m[33mwarn[0m] [0m[0m[33m[33m-- [E129] Potential Issue Warning: /Users/anjim1/Desktop/CS320/cs320-group16/src/main/scala/amyc/parsing/Lexer.scala:142:25 [0m[0m[0m
[0m[[0m[33mwarn[0m] [0m[0m[33m142 |[0m    [33mif[0m (pos >= s.length) [31mtrue[0m [0m
[0m[[0m[33mwarn[0m] [0m[0m[33m[33m    |[0m                         ^^^^[0m[0m
[0m[[0m[33mwarn[0m] [0m[0m[33m    |[0mA pure expression does nothing in statement position; you may be omitting necessary parentheses[0m
[0m[[0m[33mwarn[0m] [0m[0m[33m    |[0m[0m
[0m[[0m[33mwarn[0m] [0m[0m[33m    |[0m longer explanation available when compiling with `-explain`[0m
[0m[[0m[33mwarn[0m] [0m[0m[33m[33m-- [E129] Potential Issue Warning: /Users/anjim1/Desktop/CS320/cs320-group16/src/main/scala/amyc/parsing/Lexer.scala:143:63 [0m[0m[0m
[0m[[0m[33mwarn[0m] [0m[0m[33m143 |[0m    [33mif[0m (s.charAt(pos) == [31m'/'[0m && s.charAt(pos + [31m1[0m) == [31m'*'[0m) [33mthen[0m [31mfalse[0m [0m
[0m[[0m[33mwarn[0m] [0m[0m[33m[33m    |[0m                                                               ^^^^^[0m[0m
[0m[[0m[33mwarn[0m] [0m[0m[33m    |[0mA pure expression does nothing in statement position; you may be omitting necessary parentheses[0m
[0m[[0m[33mwarn[0m] [0m[0m[33m    |[0m[0m
[0m[[0m[33mwarn[0m] [0m[0m[33m    |[0m longer explanation available when compiling with `-explain`[0m
[0m[[0m[33mwarn[0m] [0m[0m[33m[33m-- [E129] Potential Issue Warning: /Users/anjim1/Desktop/CS320/cs320-group16/src/main/scala/amyc/parsing/Lexer.scala:145:24 [0m[0m[0m
[0m[[0m[33mwarn[0m] [0m[0m[33m145 |[0m      [33mif[0m (!isOpen) [33mthen[0m [31mfalse[0m [33melse[0m containsNestedMultiLine(s, pos + [31m2[0m, [31mfalse[0m)[0m
[0m[[0m[33mwarn[0m] [0m[0m[33m[33m    |[0m                        ^^^^^[0m[0m
[0m[[0m[33mwarn[0m] [0m[0m[33m    |[0mA pure expression does nothing in statement position; you may be omitting necessary parentheses[0m
[0m[[0m[33mwarn[0m] [0m[0m[33m    |[0m[0m
[0m[[0m[33mwarn[0m] [0m[0m[33m    |[0m longer explanation available when compiling with `-explain`[0m
[0m[[0m[33mwarn[0m] [0m[0mthree warnings found[0m
[0m[[0m[0minfo[0m] [0m[0m[34mTest run started[0m[0m
[0m[[0m[0minfo[0m] [0m[0mTest amyc.[33mLexerTests[0m.[36mtestCommentClosedTwice[0m started[0m
[0m[[0m[0minfo[0m] [0m[0mshutting down sbt server[0m
