[debug] > Exec(early(addDefaultCommands), None, None)
[debug] > Exec(addDefaultCommands, None, None)
[debug] > Exec(early(initialize), None, None)
[debug] > Exec(initialize, None, None)
[debug] > Exec(boot, None, None)
[debug] > Exec(writeSbtVersion, None, None)
[debug] > Exec(reload, None, None)
[debug] > Exec(sbtStashOnFailure, None, None)
[debug] > Exec(onFailure loadFailed, None, None)
[debug] > Exec(loadp, None, None)
[info] welcome to sbt 1.7.1 (Oracle Corporation Java 18)
[debug] Load.defaultLoad until apply took 133.683995ms
[debug]                       Load.loadUnit: plugins took 121.79274ms
[debug]                       Load.loadUnit: defsScala took 0.530921ms
[debug] [Loading] Scanning directory /Users/anjim1/Desktop/CS329/cs320-group16/project/project/project
[debug]                         Load.loadUnit: mkEval took 9.016601ms
[debug] [Loading] Found non-root projects 
[debug] [Loading] Done in /Users/anjim1/Desktop/CS329/cs320-group16/project/project/project, returning: ()
[debug] deducing auto plugins based on known facts Set(Atom(sbt.plugins.CorePlugin)) and clauses Clauses(Clause(Atom(sbt.plugins.JvmPlugin),Set(Atom(sbt.plugins.IvyPlugin)))
[debug] Clause(Atom(sbt.ScriptedPlugin),Set(Atom(sbt.plugins.JvmPlugin)))
[debug] Clause(Atom(sbt.plugins.SbtPlugin),Set(Atom(sbt.ScriptedPlugin)))
[debug] Clause(Atom(sbt.plugins.SemanticdbPlugin),Set(Atom(sbt.plugins.JvmPlugin)))
[debug] Clause(Atom(sbt.plugins.JUnitXmlReportPlugin),Set(Atom(sbt.plugins.JvmPlugin)))
[debug] Clause(Atom(sbt.plugins.MiniDependencyTreePlugin),Set(Atom(sbt.plugins.JvmPlugin)))
[debug] Clause(Atom(sbt.plugins.CorePlugin),Set(Atom(sbt.plugins.IvyPlugin)))
[debug] Clause(Atom(sbt.plugins.IvyPlugin),Set(Atom(sbt.plugins.JvmPlugin)))
[debug] Clause(Atom(sbt.plugins.JvmPlugin),Set(Atom(sbt.plugins.SemanticdbPlugin)))
[debug] Clause(Atom(sbt.plugins.JvmPlugin),Set(Atom(sbt.plugins.JUnitXmlReportPlugin)))
[debug] Clause(Atom(sbt.plugins.CorePlugin),Set(Atom(sbt.plugins.Giter8TemplatePlugin)))
[debug] Clause(Atom(sbt.plugins.JvmPlugin),Set(Atom(sbt.plugins.MiniDependencyTreePlugin))))
[debug]   :: deduced result: Matched(sbt.plugins.CorePlugin,sbt.plugins.Giter8TemplatePlugin,sbt.plugins.IvyPlugin,sbt.plugins.JvmPlugin,sbt.plugins.MiniDependencyTreePlugin,sbt.plugins.JUnitXmlReportPlugin,sbt.plugins.SemanticdbPlugin)
[debug] Plugins.deducer#function took 19.856683 ms
[info] loading settings for project cs320-group16-build-build-build from metals.sbt ...
[debug]                           Load.resolveProject(cs320-group16-build-build-build) took 55.424551ms
[debug]                         Load.loadTransitive: finalizeProject(Project(id cs320-group16-build-build-build, base: /Users/anjim1/Desktop/CS329/cs320-group16/project/project/project, plugins: List(<none>))) took 85.704073ms
[debug] [Loading] Done in /Users/anjim1/Desktop/CS329/cs320-group16/project/project/project, returning: (cs320-group16-build-build-build)
[debug]                       Load.loadUnit: loadedProjectsRaw took 2849.441182ms
[debug]                       Load.loadUnit: cleanEvalClasses took 9.498404ms
[debug]                     Load.loadUnit(file:/Users/anjim1/Desktop/CS329/cs320-group16/project/project/project/, ...) took 2989.388411ms
[debug]                   Load.apply: load took 3257.377051ms
[debug]                   Load.apply: resolveProjects took 5.513753ms
[debug]                   Load.apply: finalTransforms took 68.498024ms
[debug]                   Load.apply: config.delegates took 6.566925ms
[debug]                   Load.apply: Def.make(settings)... took 386.04306ms
[debug]                   Load.apply: structureIndex took 116.673659ms
[debug]                   Load.apply: mkStreams took 2.446597ms
[info] loading project definition from /Users/anjim1/Desktop/CS329/cs320-group16/project/project/project
[debug] Running task... Cancel: Signal, check cycles: false, forcegc: true
[debug]                 Load.loadUnit: plugins took 5605.974979ms
[debug]                 Load.loadUnit: defsScala took 0.004423ms
[debug] [Loading] Scanning directory /Users/anjim1/Desktop/CS329/cs320-group16/project/project
[debug]                   Load.loadUnit: mkEval took 0.320585ms
[debug] [Loading] Found non-root projects 
[debug] [Loading] Done in /Users/anjim1/Desktop/CS329/cs320-group16/project/project, returning: ()
[debug] deducing auto plugins based on known facts Set(Atom(sbt.plugins.CorePlugin)) and clauses Clauses(Clause(Atom(sbt.plugins.JvmPlugin),Set(Atom(sbt.plugins.IvyPlugin)))
[debug] Clause(Atom(sbt.ScriptedPlugin),Set(Atom(sbt.plugins.JvmPlugin)))
[debug] Clause(Atom(sbt.plugins.SbtPlugin),Set(Atom(sbt.ScriptedPlugin)))
[debug] Clause(Atom(sbt.plugins.SemanticdbPlugin),Set(Atom(sbt.plugins.JvmPlugin)))
[debug] Clause(Atom(sbt.plugins.JUnitXmlReportPlugin),Set(Atom(sbt.plugins.JvmPlugin)))
[debug] Clause(Atom(sbt.plugins.MiniDependencyTreePlugin),Set(Atom(sbt.plugins.JvmPlugin)))
[debug] Clause(Atom(bloop.integrations.sbt.BloopPlugin),Set(Atom(sbt.plugins.JvmPlugin)))
[debug] Clause(Atom(sbt.plugins.CorePlugin),Set(Atom(sbt.plugins.IvyPlugin)))
[debug] Clause(Atom(sbt.plugins.IvyPlugin),Set(Atom(sbt.plugins.JvmPlugin)))
[debug] Clause(Atom(sbt.plugins.JvmPlugin),Set(Atom(sbt.plugins.SemanticdbPlugin)))
[debug] Clause(Atom(sbt.plugins.JvmPlugin),Set(Atom(sbt.plugins.JUnitXmlReportPlugin)))
[debug] Clause(Atom(sbt.plugins.CorePlugin),Set(Atom(sbt.plugins.Giter8TemplatePlugin)))
[debug] Clause(Atom(sbt.plugins.JvmPlugin),Set(Atom(sbt.plugins.MiniDependencyTreePlugin)))
[debug] Clause(Atom(sbt.plugins.JvmPlugin),Set(Atom(bloop.integrations.sbt.BloopPlugin))))
[debug]   :: deduced result: Matched(sbt.plugins.CorePlugin,sbt.plugins.Giter8TemplatePlugin,sbt.plugins.IvyPlugin,sbt.plugins.JvmPlugin,bloop.integrations.sbt.BloopPlugin,sbt.plugins.MiniDependencyTreePlugin,sbt.plugins.JUnitXmlReportPlugin,sbt.plugins.SemanticdbPlugin)
[debug] Plugins.deducer#function took 2.7619 ms
[info] loading settings for project cs320-group16-build-build from metals.sbt ...
[debug]                     Load.resolveProject(cs320-group16-build-build) took 24.89683ms
[debug]                   Load.loadTransitive: finalizeProject(Project(id cs320-group16-build-build, base: /Users/anjim1/Desktop/CS329/cs320-group16/project/project, plugins: List(<none>))) took 28.384394ms
[debug] [Loading] Done in /Users/anjim1/Desktop/CS329/cs320-group16/project/project, returning: (cs320-group16-build-build)
[debug]                 Load.loadUnit: loadedProjectsRaw took 563.754374ms
[debug]                 Load.loadUnit: cleanEvalClasses took 1.335931ms
[debug]               Load.loadUnit(file:/Users/anjim1/Desktop/CS329/cs320-group16/project/project/, ...) took 6172.172215ms
[debug]             Load.apply: load took 6174.676054ms
[debug]             Load.apply: resolveProjects took 0.252655ms
[debug]             Load.apply: finalTransforms took 22.91975ms
[debug]             Load.apply: config.delegates took 0.449035ms
[debug]             Load.apply: Def.make(settings)... took 96.010454ms
[debug]             Load.apply: structureIndex took 35.261023ms
[debug]             Load.apply: mkStreams took 0.003341ms
[info] loading project definition from /Users/anjim1/Desktop/CS329/cs320-group16/project/project
[debug] Evaluating tasks: bloopInstall
[debug] Running task... Cancel: Signal, check cycles: false, forcegc: true
[success] Generated .bloop/cs320-group16-build-build.json
[success] Total time: 2 s, completed 4 Oct 2022, 14:18:32
[debug] Running task... Cancel: Signal, check cycles: false, forcegc: true
[debug]           Load.loadUnit: plugins took 8688.841979ms
[debug]           Load.loadUnit: defsScala took 0.003249ms
[debug] [Loading] Scanning directory /Users/anjim1/Desktop/CS329/cs320-group16/project
[debug]             Load.loadUnit: mkEval took 0.266173ms
[debug] [Loading] Found non-root projects 
[debug] [Loading] Done in /Users/anjim1/Desktop/CS329/cs320-group16/project, returning: ()
[debug] deducing auto plugins based on known facts Set(Atom(sbt.plugins.CorePlugin)) and clauses Clauses(Clause(Atom(sbt.plugins.JvmPlugin),Set(Atom(sbt.plugins.IvyPlugin)))
[debug] Clause(Atom(sbt.ScriptedPlugin),Set(Atom(sbt.plugins.JvmPlugin)))
[debug] Clause(Atom(sbt.plugins.SbtPlugin),Set(Atom(sbt.ScriptedPlugin)))
[debug] Clause(Atom(sbt.plugins.SemanticdbPlugin),Set(Atom(sbt.plugins.JvmPlugin)))
[debug] Clause(Atom(sbt.plugins.JUnitXmlReportPlugin),Set(Atom(sbt.plugins.JvmPlugin)))
[debug] Clause(Atom(sbt.plugins.MiniDependencyTreePlugin),Set(Atom(sbt.plugins.JvmPlugin)))
[debug] Clause(Atom(bloop.integrations.sbt.BloopPlugin),Set(Atom(sbt.plugins.JvmPlugin)))
[debug] Clause(Atom(sbt.plugins.CorePlugin),Set(Atom(sbt.plugins.IvyPlugin)))
[debug] Clause(Atom(sbt.plugins.IvyPlugin),Set(Atom(sbt.plugins.JvmPlugin)))
[debug] Clause(Atom(sbt.plugins.JvmPlugin),Set(Atom(sbt.plugins.SemanticdbPlugin)))
[debug] Clause(Atom(sbt.plugins.JvmPlugin),Set(Atom(sbt.plugins.JUnitXmlReportPlugin)))
[debug] Clause(Atom(sbt.plugins.CorePlugin),Set(Atom(sbt.plugins.Giter8TemplatePlugin)))
[debug] Clause(Atom(sbt.plugins.JvmPlugin),Set(Atom(sbt.plugins.MiniDependencyTreePlugin)))
[debug] Clause(Atom(sbt.plugins.JvmPlugin),Set(Atom(bloop.integrations.sbt.BloopPlugin))))
[debug]   :: deduced result: Matched(sbt.plugins.CorePlugin,sbt.plugins.Giter8TemplatePlugin,sbt.plugins.IvyPlugin,sbt.plugins.JvmPlugin,bloop.integrations.sbt.BloopPlugin,sbt.plugins.MiniDependencyTreePlugin,sbt.plugins.JUnitXmlReportPlugin,sbt.plugins.SemanticdbPlugin)
[debug] Plugins.deducer#function took 1.744604 ms
[info] loading settings for project cs320-group16-build from buildSettings.sbt,metals.sbt,plugins.sbt ...
[debug]               Load.resolveProject(cs320-group16-build) took 19.00003ms
[debug]             Load.loadTransitive: finalizeProject(Project(id cs320-group16-build, base: /Users/anjim1/Desktop/CS329/cs320-group16/project, plugins: List(<none>))) took 21.334935ms
[debug] [Loading] Done in /Users/anjim1/Desktop/CS329/cs320-group16/project, returning: (cs320-group16-build)
[debug]           Load.loadUnit: loadedProjectsRaw took 1607.952166ms
[debug]           Load.loadUnit: cleanEvalClasses took 3.322922ms
[debug]         Load.loadUnit(file:/Users/anjim1/Desktop/CS329/cs320-group16/project/, ...) took 10300.94958ms
[debug]       Load.apply: load took 10303.034717ms
[debug]       Load.apply: resolveProjects took 0.136756ms
[debug]       Load.apply: finalTransforms took 14.579491ms
[debug]       Load.apply: config.delegates took 0.363004ms
[debug]       Load.apply: Def.make(settings)... took 73.927438ms
[debug]       Load.apply: structureIndex took 30.484911ms
[debug]       Load.apply: mkStreams took 0.002505ms
[info] loading project definition from /Users/anjim1/Desktop/CS329/cs320-group16/project
[debug] Evaluating tasks: bloopInstall
[debug] Running task... Cancel: Signal, check cycles: false, forcegc: true
[success] Generated .bloop/cs320-group16-build.json
[info] compiling 2 Scala sources to /Users/anjim1/Desktop/CS329/cs320-group16/project/target/scala-2.12/sbt-1.0/classes ...
[error] IO error while decoding /Users/anjim1/Desktop/CS329/cs320-group16/project/MOOCSettings.scala with UTF-8: /Users/anjim1/Desktop/CS329/cs320-group16/project/MOOCSettings.scala (No such file or directory)
[error] Please try specifying another one using the -encoding option
[error] IO error while decoding /Users/anjim1/Desktop/CS329/cs320-group16/project/StudentTasks.scala with UTF-8: /Users/anjim1/Desktop/CS329/cs320-group16/project/StudentTasks.scala (No such file or directory)
[error] Please try specifying another one using the -encoding option
[error] two errors found
[success] Total time: 3 s, completed 4 Oct 2022, 14:18:37
[debug] Running task... Cancel: Signal, check cycles: false, forcegc: true
[debug]     Load.loadUnit: plugins took 13996.856519ms
[debug]     Load.loadUnit: defsScala took 0.00639ms
[debug] [Loading] Scanning directory /Users/anjim1/Desktop/CS329/cs320-group16
[debug] [Loading] Found non-root projects 
[debug] [Loading] Done in /Users/anjim1/Desktop/CS329/cs320-group16, returning: ()
[debug] deducing auto plugins based on known facts Set(Atom(sbt.plugins.CorePlugin)) and clauses Clauses(Clause(Atom(sbt.plugins.JvmPlugin),Set(Atom(sbt.plugins.IvyPlugin)))
[debug] Clause(Atom(sbt.ScriptedPlugin),Set(Atom(sbt.plugins.JvmPlugin)))
[debug] Clause(Atom(sbt.plugins.SbtPlugin),Set(Atom(sbt.ScriptedPlugin)))
[debug] Clause(Atom(sbt.plugins.SemanticdbPlugin),Set(Atom(sbt.plugins.JvmPlugin)))
[debug] Clause(Atom(sbt.plugins.JUnitXmlReportPlugin),Set(Atom(sbt.plugins.JvmPlugin)))
[debug] Clause(Atom(sbt.plugins.MiniDependencyTreePlugin),Set(Atom(sbt.plugins.JvmPlugin)))
[debug] Clause(Atom(bloop.integrations.sbt.BloopPlugin),Set(Atom(sbt.plugins.JvmPlugin)))
[debug] Clause(Atom(scalafix.sbt.ScalafixPlugin),Set(Atom(sbt.plugins.JvmPlugin)))
[debug] Clause(Atom(scalafix.sbt.ScalafixTestkitPlugin),Set(Atom(sbt.plugins.JvmPlugin)))
[debug] Clause(Atom(sbt.plugins.CorePlugin),Set(Atom(sbt.plugins.IvyPlugin)))
[debug] Clause(Atom(sbt.plugins.IvyPlugin),Set(Atom(sbt.plugins.JvmPlugin)))
[debug] Clause(Atom(sbt.plugins.JvmPlugin),Set(Atom(sbt.plugins.SemanticdbPlugin)))
[debug] Clause(Atom(sbt.plugins.JvmPlugin),Set(Atom(sbt.plugins.JUnitXmlReportPlugin)))
[debug] Clause(Atom(sbt.plugins.CorePlugin),Set(Atom(sbt.plugins.Giter8TemplatePlugin)))
[debug] Clause(Atom(sbt.plugins.JvmPlugin),Set(Atom(sbt.plugins.MiniDependencyTreePlugin)))
[debug] Clause(Atom(sbt.plugins.JvmPlugin),Set(Atom(bloop.integrations.sbt.BloopPlugin)))
[debug] Clause(Atom(sbt.plugins.JvmPlugin),Set(Atom(scalafix.sbt.ScalafixPlugin))))
[debug]   :: deduced result: Matched(sbt.plugins.CorePlugin,sbt.plugins.Giter8TemplatePlugin,sbt.plugins.IvyPlugin,sbt.plugins.JvmPlugin,bloop.integrations.sbt.BloopPlugin,sbt.plugins.SemanticdbPlugin,sbt.plugins.JUnitXmlReportPlugin,scalafix.sbt.ScalafixPlugin,sbt.plugins.MiniDependencyTreePlugin)
[debug] Plugins.deducer#function took 3.139426 ms
[debug]         Load.resolveProject(cs320-group16) took 43.920644ms
[debug]       Load.loadTransitive: finalizeProject(Project(id cs320-group16, base: /Users/anjim1/Desktop/CS329/cs320-group16, plugins: List(<none>))) took 47.823963ms
[debug] [Loading] Done in /Users/anjim1/Desktop/CS329/cs320-group16, returning: (cs320-group16)
[debug]     Load.loadUnit: loadedProjectsRaw took 49.871403ms
[debug]     Load.loadUnit: cleanEvalClasses took 0.021743ms
[debug]   Load.loadUnit(file:/Users/anjim1/Desktop/CS329/cs320-group16/, ...) took 14048.610595ms
[debug] Load.apply: load took 14079.31781ms
[debug] Load.apply: resolveProjects took 0.096029ms
[debug] Load.apply: finalTransforms took 16.226376ms
[debug] Load.apply: config.delegates took 0.353589ms
[debug] Load.apply: Def.make(settings)... took 684.989004ms
[debug] Load.apply: structureIndex took 26.067005ms
[debug] Load.apply: mkStreams took 0.002901ms
[info] set current project to cs320-group16 (in build file:/Users/anjim1/Desktop/CS329/cs320-group16/)
[debug] > Exec(sbtPopOnFailure, None, None)
[debug] > Exec(resumeFromFailure, None, None)
[debug] > Exec(notifyUsersAboutShell, None, None)
[debug] > Exec(iflast shell, None, None)
[debug] > Exec(bloopInstall, None, None)
[debug] Evaluating tasks: bloopInstall
[debug] Running task... Cancel: Signal, check cycles: false, forcegc: true
[success] Generated .bloop/cs320-group16.json
[success] Generated .bloop/cs320-group16-test.json
[success] Total time: 0 s, completed 4 Oct 2022, 14:18:39
